# JRE version: OpenJDK Runtime Environment (8.0_191-b12) (build 1.8.0_191-8u191-b12-2ubuntu0.18.04.1-b12)
# Java VM: OpenJDK 64-Bit Server VM (25.191-b12 mixed mode linux-amd64 compressed oops)
Heap:
 PSYoungGen      total 438784K, used 19424K [0x00000000d6e00000, 0x00000000f2f80000, 0x0000000100000000)
  eden space 419328K, 0% used [0x00000000d6e00000,0x00000000d6e00000,0x00000000f0780000)
  from space 19456K, 99% used [0x00000000f0980000,0x00000000f1c78388,0x00000000f1c80000)
  to   space 16896K, 0% used [0x00000000f1f00000,0x00000000f1f00000,0x00000000f2f80000)
 ParOldGen       total 115712K, used 47238K [0x0000000084a00000, 0x000000008bb00000, 0x00000000d6e00000)
  object space 115712K, 40% used [0x0000000084a00000,0x0000000087821bc0,0x000000008bb00000)
 Metaspace       used 67655K, capacity 70216K, committed 70400K, reserved 1110016K
  class space    used 8373K, capacity 8884K, committed 8960K, reserved 1048576K
GC Heap History (10 events):
Event: 4.070 GC heap after
Heap after GC invocations=11 (full 1):
 PSYoungGen      total 326144K, used 11384K [0x00000000d6e00000, 0x00000000ee380000, 0x0000000100000000)
  eden space 313344K, 0% used [0x00000000d6e00000,0x00000000d6e00000,0x00000000ea000000)
  from space 12800K, 88% used [0x00000000eae00000,0x00000000eb91e140,0x00000000eba80000)
  to   space 14336K, 0% used [0x00000000ea000000,0x00000000ea000000,0x00000000eae00000)
 ParOldGen       total 46080K, used 14359K [0x0000000084a00000, 0x0000000087700000, 0x00000000d6e00000)
  object space 46080K, 31% used [0x0000000084a00000,0x0000000085805d38,0x0000000087700000)
 Metaspace       used 33729K, capacity 35268K, committed 35416K, reserved 1081344K
  class space    used 4192K, capacity 4504K, committed 4608K, reserved 1048576K
}
Event: 4.070 GC heap before
{Heap before GC invocations=12 (full 2):
 PSYoungGen      total 326144K, used 11384K [0x00000000d6e00000, 0x00000000ee380000, 0x0000000100000000)
  eden space 313344K, 0% used [0x00000000d6e00000,0x00000000d6e00000,0x00000000ea000000)
  from space 12800K, 88% used [0x00000000eae00000,0x00000000eb91e140,0x00000000eba80000)
  to   space 14336K, 0% used [0x00000000ea000000,0x00000000ea000000,0x00000000eae00000)
 ParOldGen       total 46080K, used 14359K [0x0000000084a00000, 0x0000000087700000, 0x00000000d6e00000)
  object space 46080K, 31% used [0x0000000084a00000,0x0000000085805d38,0x0000000087700000)
 Metaspace       used 33729K, capacity 35268K, committed 35416K, reserved 1081344K
  class space    used 4192K, capacity 4504K, committed 4608K, reserved 1048576K
Event: 4.131 GC heap after
Heap after GC invocations=12 (full 2):
 PSYoungGen      total 326144K, used 0K [0x00000000d6e00000, 0x00000000ee380000, 0x0000000100000000)
  eden space 313344K, 0% used [0x00000000d6e00000,0x00000000d6e00000,0x00000000ea000000)
  from space 12800K, 0% used [0x00000000eae00000,0x00000000eae00000,0x00000000eba80000)
  to   space 14336K, 0% used [0x00000000ea000000,0x00000000ea000000,0x00000000eae00000)
 ParOldGen       total 76288K, used 20116K [0x0000000084a00000, 0x0000000089480000, 0x00000000d6e00000)
  object space 76288K, 26% used [0x0000000084a00000,0x0000000085da5038,0x0000000089480000)
 Metaspace       used 33729K, capacity 35268K, committed 35416K, reserved 1081344K
  class space    used 4192K, capacity 4504K, committed 4608K, reserved 1048576K
}
Event: 8.236 GC heap before
{Heap before GC invocations=13 (full 2):
 PSYoungGen      total 326144K, used 313344K [0x00000000d6e00000, 0x00000000ee380000, 0x0000000100000000)
  eden space 313344K, 100% used [0x00000000d6e00000,0x00000000ea000000,0x00000000ea000000)
  from space 12800K, 0% used [0x00000000eae00000,0x00000000eae00000,0x00000000eba80000)
  to   space 14336K, 0% used [0x00000000ea000000,0x00000000ea000000,0x00000000eae00000)
 ParOldGen       total 76288K, used 20116K [0x0000000084a00000, 0x0000000089480000, 0x00000000d6e00000)
  object space 76288K, 26% used [0x0000000084a00000,0x0000000085da5038,0x0000000089480000)
 Metaspace       used 45738K, capacity 47496K, committed 47872K, reserved 1091584K
  class space    used 5744K, capacity 6108K, committed 6144K, reserved 1048576K
Event: 8.252 GC heap after
Heap after GC invocations=13 (full 2):
 PSYoungGen      total 327680K, used 14316K [0x00000000d6e00000, 0x00000000f2f80000, 0x0000000100000000)
  eden space 313344K, 0% used [0x00000000d6e00000,0x00000000d6e00000,0x00000000ea000000)
  from space 14336K, 99% used [0x00000000ea000000,0x00000000eadfb368,0x00000000eae00000)
  to   space 16896K, 0% used [0x00000000f1f00000,0x00000000f1f00000,0x00000000f2f80000)
 ParOldGen       total 76288K, used 22118K [0x0000000084a00000, 0x0000000089480000, 0x00000000d6e00000)
  object space 76288K, 28% used [0x0000000084a00000,0x0000000085f99bc8,0x0000000089480000)
 Metaspace       used 45738K, capacity 47496K, committed 47872K, reserved 1091584K
  class space    used 5744K, capacity 6108K, committed 6144K, reserved 1048576K
}
Event: 11.689 GC heap before
{Heap before GC invocations=14 (full 2):
 PSYoungGen      total 327680K, used 327660K [0x00000000d6e00000, 0x00000000f2f80000, 0x0000000100000000)
  eden space 313344K, 100% used [0x00000000d6e00000,0x00000000ea000000,0x00000000ea000000)
  from space 14336K, 99% used [0x00000000ea000000,0x00000000eadfb368,0x00000000eae00000)
  to   space 16896K, 0% used [0x00000000f1f00000,0x00000000f1f00000,0x00000000f2f80000)
 ParOldGen       total 76288K, used 22118K [0x0000000084a00000, 0x0000000089480000, 0x00000000d6e00000)
  object space 76288K, 28% used [0x0000000084a00000,0x0000000085f99bc8,0x0000000089480000)
 Metaspace       used 56754K, capacity 58606K, committed 59008K, reserved 1101824K
  class space    used 7140K, capacity 7521K, committed 7552K, reserved 1048576K
Event: 11.730 GC heap after
Heap after GC invocations=14 (full 2):
 PSYoungGen      total 436224K, used 16834K [0x00000000d6e00000, 0x00000000f2f80000, 0x0000000100000000)
  eden space 419328K, 0% used [0x00000000d6e00000,0x00000000d6e00000,0x00000000f0780000)
  from space 16896K, 99% used [0x00000000f1f00000,0x00000000f2f70a18,0x00000000f2f80000)
  to   space 19456K, 0% used [0x00000000f0980000,0x00000000f0980000,0x00000000f1c80000)
 ParOldGen       total 76288K, used 30343K [0x0000000084a00000, 0x0000000089480000, 0x00000000d6e00000)
  object space 76288K, 39% used [0x0000000084a00000,0x00000000867a1f58,0x0000000089480000)
 Metaspace       used 56754K, capacity 58606K, committed 59008K, reserved 1101824K
  class space    used 7140K, capacity 7521K, committed 7552K, reserved 1048576K
}
Event: 11.730 GC heap before
{Heap before GC invocations=15 (full 3):
 PSYoungGen      total 436224K, used 16834K [0x00000000d6e00000, 0x00000000f2f80000, 0x0000000100000000)
  eden space 419328K, 0% used [0x00000000d6e00000,0x00000000d6e00000,0x00000000f0780000)
  from space 16896K, 99% used [0x00000000f1f00000,0x00000000f2f70a18,0x00000000f2f80000)
  to   space 19456K, 0% used [0x00000000f0980000,0x00000000f0980000,0x00000000f1c80000)
 ParOldGen       total 76288K, used 30343K [0x0000000084a00000, 0x0000000089480000, 0x00000000d6e00000)
  object space 76288K, 39% used [0x0000000084a00000,0x00000000867a1f58,0x0000000089480000)
 Metaspace       used 56754K, capacity 58606K, committed 59008K, reserved 1101824K
  class space    used 7140K, capacity 7521K, committed 7552K, reserved 1048576K
Event: 11.928 GC heap after
Heap after GC invocations=15 (full 3):
 PSYoungGen      total 436224K, used 0K [0x00000000d6e00000, 0x00000000f2f80000, 0x0000000100000000)
  eden space 419328K, 0% used [0x00000000d6e00000,0x00000000d6e00000,0x00000000f0780000)
  from space 16896K, 0% used [0x00000000f1f00000,0x00000000f1f00000,0x00000000f2f80000)
  to   space 19456K, 0% used [0x00000000f0980000,0x00000000f0980000,0x00000000f1c80000)
 ParOldGen       total 115712K, used 42350K [0x0000000084a00000, 0x000000008bb00000, 0x00000000d6e00000)
  object space 115712K, 36% used [0x0000000084a00000,0x000000008735b990,0x000000008bb00000)
 Metaspace       used 56754K, capacity 58606K, committed 59008K, reserved 1101824K
  class space    used 7140K, capacity 7521K, committed 7552K, reserved 1048576K
}
Event: 38.055 GC heap before
{Heap before GC invocations=16 (full 3):
 PSYoungGen      total 436224K, used 419328K [0x00000000d6e00000, 0x00000000f2f80000, 0x0000000100000000)
  eden space 419328K, 100% used [0x00000000d6e00000,0x00000000f0780000,0x00000000f0780000)
  from space 16896K, 0% used [0x00000000f1f00000,0x00000000f1f00000,0x00000000f2f80000)
  to   space 19456K, 0% used [0x00000000f0980000,0x00000000f0980000,0x00000000f1c80000)
 ParOldGen       total 115712K, used 42350K [0x0000000084a00000, 0x000000008bb00000, 0x00000000d6e00000)
  object space 115712K, 36% used [0x0000000084a00000,0x000000008735b990,0x000000008bb00000)
 Metaspace       used 67655K, capacity 70216K, committed 70400K, reserved 1110016K
  class space    used 8373K, capacity 8884K, committed 8960K, reserved 1048576K

